<?xml version="1.0" encoding="UTF-8"?>
<!-- Generated by org.testng.reporters.JUnitReportReporter -->
<testsuite skipped="0" hostname="RPC165" name="com.objectfrontier.training.webservices.test.AddressServiceTest" tests="1" failures="0" timestamp="24 Oct 2018 07:04:19 GMT" time="0.046" errors="0">
  <testcase name="testCreate_positive" time="0.046" classname="com.objectfrontier.training.webservices.test.AddressServiceTest"/>
</testsuite> <!-- com.objectfrontier.training.webservices.test.AddressServiceTest -->
