<?xml version="1.0" encoding="UTF-8"?>
<!-- Generated by org.testng.reporters.JUnitReportReporter -->
<testsuite skipped="7" hostname="RPC165" name="com.objectfrontier.training.service.test.PersonServiceTest" tests="27" failures="0" timestamp="21 Nov 2018 11:12:19 GMT" time="0.203" errors="0">
  <testcase name="testCreate_positive" time="0.000" classname="com.objectfrontier.training.service.test.PersonServiceTest"/>
  <testcase name="testCreate_positive" time="0.000" classname="com.objectfrontier.training.service.test.PersonServiceTest"/>
  <testcase name="testCreate_positive" time="0.015" classname="com.objectfrontier.training.service.test.PersonServiceTest"/>
  <testcase name="testCreate_positive" time="0.016" classname="com.objectfrontier.training.service.test.PersonServiceTest"/>
  <testcase name="testCreate_positive" time="0.000" classname="com.objectfrontier.training.service.test.PersonServiceTest"/>
  <testcase name="testCreate_positive" time="0.000" classname="com.objectfrontier.training.service.test.PersonServiceTest"/>
  <testcase name="testCreate_positive" time="0.016" classname="com.objectfrontier.training.service.test.PersonServiceTest"/>
  <testcase name="testCreate_positive" time="0.000" classname="com.objectfrontier.training.service.test.PersonServiceTest"/>
  <testcase name="testCreate_positive" time="0.016" classname="com.objectfrontier.training.service.test.PersonServiceTest"/>
  <testcase name="testCreate_positive" time="0.000" classname="com.objectfrontier.training.service.test.PersonServiceTest"/>
  <testcase name="testCreate_positive" time="0.000" classname="com.objectfrontier.training.service.test.PersonServiceTest"/>
  <testcase name="testCreate_positive" time="0.016" classname="com.objectfrontier.training.service.test.PersonServiceTest"/>
  <testcase name="testCreate_positive" time="0.015" classname="com.objectfrontier.training.service.test.PersonServiceTest"/>
  <testcase name="testCreate_positive" time="0.000" classname="com.objectfrontier.training.service.test.PersonServiceTest"/>
  <testcase name="testCreate_positive" time="0.015" classname="com.objectfrontier.training.service.test.PersonServiceTest"/>
  <testcase name="testCreate_positive" time="0.047" classname="com.objectfrontier.training.service.test.PersonServiceTest"/>
  <testcase name="testCreate_positive" time="0.016" classname="com.objectfrontier.training.service.test.PersonServiceTest"/>
  <testcase name="testCreate_positive" time="0.015" classname="com.objectfrontier.training.service.test.PersonServiceTest"/>
  <testcase name="testCreate_positive" time="0.000" classname="com.objectfrontier.training.service.test.PersonServiceTest"/>
  <testcase name="testCreate_positive" time="0.016" classname="com.objectfrontier.training.service.test.PersonServiceTest"/>
  <testcase name="testUpdate_negative" classname="com.objectfrontier.training.service.test.PersonServiceTest">
    <skipped/>
  </testcase> <!-- testUpdate_negative -->
  <testcase name="testCreate_negative" classname="com.objectfrontier.training.service.test.PersonServiceTest">
    <skipped/>
  </testcase> <!-- testCreate_negative -->
  <testcase name="testDelete_negative" classname="com.objectfrontier.training.service.test.PersonServiceTest">
    <skipped/>
  </testcase> <!-- testDelete_negative -->
  <testcase name="testRead_positive" classname="com.objectfrontier.training.service.test.PersonServiceTest">
    <skipped/>
  </testcase> <!-- testRead_positive -->
  <testcase name="testUpdate_Positive" classname="com.objectfrontier.training.service.test.PersonServiceTest">
    <skipped/>
  </testcase> <!-- testUpdate_Positive -->
  <testcase name="testRead_negative" classname="com.objectfrontier.training.service.test.PersonServiceTest">
    <skipped/>
  </testcase> <!-- testRead_negative -->
  <testcase name="testDelete_positive" classname="com.objectfrontier.training.service.test.PersonServiceTest">
    <skipped/>
  </testcase> <!-- testDelete_positive -->
</testsuite> <!-- com.objectfrontier.training.service.test.PersonServiceTest -->
