<?xml version="1.0" encoding="UTF-8"?>
<!-- Generated by org.testng.reporters.JUnitReportReporter -->
<testsuite skipped="0" hostname="RPC165" name="com.objectfrontier.training.service.test.AddressServiceTest" tests="11" failures="0" timestamp="15 Nov 2018 13:34:27 GMT" time="0.066" errors="0">
  <testcase name="testCreate_positive" time="0.016" classname="com.objectfrontier.training.service.test.AddressServiceTest"/>
  <testcase name="test_create_nagative" time="0.000" classname="com.objectfrontier.training.service.test.AddressServiceTest"/>
  <testcase name="test_create_nagative" time="0.000" classname="com.objectfrontier.training.service.test.AddressServiceTest"/>
  <testcase name="test_create_nagative" time="0.000" classname="com.objectfrontier.training.service.test.AddressServiceTest"/>
  <testcase name="testRead_positive" time="0.016" classname="com.objectfrontier.training.service.test.AddressServiceTest"/>
  <testcase name="testRead_negative" time="0.000" classname="com.objectfrontier.training.service.test.AddressServiceTest"/>
  <testcase name="testSearch_positive" time="0.000" classname="com.objectfrontier.training.service.test.AddressServiceTest"/>
  <testcase name="testUpdtae_positive" time="0.000" classname="com.objectfrontier.training.service.test.AddressServiceTest"/>
  <testcase name="testUpdtaeAddress_negative" time="0.001" classname="com.objectfrontier.training.service.test.AddressServiceTest"/>
  <testcase name="testDelete_positive" time="0.000" classname="com.objectfrontier.training.service.test.AddressServiceTest"/>
  <testcase name="testDelete_negative" time="0.033" classname="com.objectfrontier.training.service.test.AddressServiceTest"/>
</testsuite> <!-- com.objectfrontier.training.service.test.AddressServiceTest -->
